build/app/intermediates/manifest_merge_blame_file/debug/manifest-merger-blame-debug-report.txt
1<?xml version="1.0" encoding="utf-8"?>
2<manifest xmlns:android="http://schemas.android.com/apk/res/android"
3    package="com.huynh.listar_flutter"
4    android:versionCode="18"
5    android:versionName="1.0.8" >
6
7    <uses-sdk
8        android:minSdkVersion="20"
9        android:targetSdkVersion="29" />
10
11    <uses-permission android:name="android.permission.INTERNET" />
11-->src\main\AndroidManifest.xml:3:5-67
11-->src\main\AndroidManifest.xml:3:22-64
12    <uses-permission android:name="android.permission.SYSTEM_ALERT_WINDOW" />
12-->src\main\AndroidManifest.xml:4:5-77
12-->src\main\AndroidManifest.xml:4:22-75
13    <uses-permission android:name="android.permission.ACCESS_FINE_LOCATION" />
13-->src\main\AndroidManifest.xml:5:5-79
13-->src\main\AndroidManifest.xml:5:22-76
14    <uses-permission android:name="android.permission.CALL_PHONE" />
14-->src\main\AndroidManifest.xml:6:5-69
14-->src\main\AndroidManifest.xml:6:22-66
15    <uses-permission android:name="android.permission.ACCESS_NETWORK_STATE" />
15-->[:firebase_analytics] AndroidManifest.xml:7:5-79
15-->[:firebase_analytics] AndroidManifest.xml:7:22-76
16    <uses-permission android:name="android.permission.WAKE_LOCK" /> <!-- Required by older versions of Google Play services to create IID tokens -->
16-->[:firebase_analytics] AndroidManifest.xml:9:5-68
16-->[:firebase_analytics] AndroidManifest.xml:9:22-65
17    <uses-permission android:name="com.google.android.c2dm.permission.RECEIVE" />
17-->[com.google.firebase:firebase-messaging:23.0.0] AndroidManifest.xml:25:5-82
17-->[com.google.firebase:firebase-messaging:23.0.0] AndroidManifest.xml:25:22-79
18    <uses-permission android:name="com.google.android.finsky.permission.BIND_GET_INSTALL_REFERRER_SERVICE" />
18-->[com.google.android.gms:play-services-measurement:20.0.0] AndroidManifest.xml:26:5-110
18-->[com.google.android.gms:play-services-measurement:20.0.0] AndroidManifest.xml:26:22-107
19
20    <uses-feature
20-->[com.google.android.gms:play-services-maps:17.0.0] AndroidManifest.xml:26:5-28:35
21        android:glEsVersion="0x00020000"
21-->[com.google.android.gms:play-services-maps:17.0.0] AndroidManifest.xml:27:9-41
22        android:required="true" /> <!-- Android package visibility setting -->
22-->[com.google.android.gms:play-services-maps:17.0.0] AndroidManifest.xml:28:9-32
23    <queries>
23-->[com.google.android.gms:play-services-ads-lite:19.7.0] AndroidManifest.xml:27:5-43:15
24
25        <!-- For browser content -->
26        <intent>
26-->[com.google.android.gms:play-services-ads-lite:19.7.0] AndroidManifest.xml:30:9-36:18
27            <action android:name="android.intent.action.VIEW" />
27-->[com.google.android.gms:play-services-ads-lite:19.7.0] AndroidManifest.xml:31:13-65
27-->[com.google.android.gms:play-services-ads-lite:19.7.0] AndroidManifest.xml:31:21-62
28
29            <category android:name="android.intent.category.BROWSABLE" />
29-->[com.google.android.gms:play-services-ads-lite:19.7.0] AndroidManifest.xml:33:13-74
29-->[com.google.android.gms:play-services-ads-lite:19.7.0] AndroidManifest.xml:33:23-71
30
31            <data android:scheme="https" />
31-->[com.google.android.gms:play-services-ads-lite:19.7.0] AndroidManifest.xml:35:13-44
31-->[com.google.android.gms:play-services-ads-lite:19.7.0] AndroidManifest.xml:35:19-41
32        </intent>
33        <!-- End of browser content -->
34        <!-- For CustomTabsService -->
35        <intent>
35-->[com.google.android.gms:play-services-ads-lite:19.7.0] AndroidManifest.xml:30:9-36:18
36            <action android:name="android.support.customtabs.action.CustomTabsService" />
37        </intent>
38        <!-- End of CustomTabsService -->
39    </queries>
40
41    <uses-permission android:name="android.permission.RECEIVE_BOOT_COMPLETED" />
41-->[androidx.work:work-runtime:2.1.0] AndroidManifest.xml:27:5-81
41-->[androidx.work:work-runtime:2.1.0] AndroidManifest.xml:27:22-78
42
43    <application
43-->src\main\AndroidManifest.xml:7:5-39:19
44        android:name="io.flutter.app.FlutterApplication"
44-->src\main\AndroidManifest.xml:8:9-57
45        android:appComponentFactory="androidx.core.app.CoreComponentFactory"
45-->[androidx.core:core:1.6.0] AndroidManifest.xml:24:18-86
46        android:debuggable="true"
47        android:icon="@mipmap/ic_launcher"
47-->src\main\AndroidManifest.xml:10:9-43
48        android:label="Listar Flux" >
48-->src\main\AndroidManifest.xml:9:9-36
49        <meta-data
49-->src\main\AndroidManifest.xml:11:9-12:70
50            android:name="com.google.android.geo.API_KEY"
50-->src\main\AndroidManifest.xml:11:20-65
51            android:value="AIzaSyAGHlk0PoZ-BdSwUJh_HGSHXWKlARE4Pt8" />
51-->src\main\AndroidManifest.xml:12:13-68
52
53        <activity
53-->src\main\AndroidManifest.xml:13:9-32:20
54            android:name="com.huynh.listar_flutter.MainActivity"
54-->src\main\AndroidManifest.xml:14:13-41
55            android:configChanges="orientation|keyboardHidden|keyboard|screenSize|smallestScreenSize|locale|layoutDirection|fontScale|screenLayout|density|uiMode"
55-->src\main\AndroidManifest.xml:17:13-163
56            android:hardwareAccelerated="true"
56-->src\main\AndroidManifest.xml:18:13-47
57            android:launchMode="singleTop"
57-->src\main\AndroidManifest.xml:15:13-43
58            android:theme="@style/LaunchTheme"
58-->src\main\AndroidManifest.xml:16:13-47
59            android:windowSoftInputMode="adjustResize" >
59-->src\main\AndroidManifest.xml:19:13-55
60            <meta-data
60-->src\main\AndroidManifest.xml:20:13-23:17
61                android:name="io.flutter.embedding.android.SplashScreenDrawable"
61-->src\main\AndroidManifest.xml:21:15-79
62                android:resource="@drawable/launch_background" />
62-->src\main\AndroidManifest.xml:22:15-61
63
64            <intent-filter>
64-->src\main\AndroidManifest.xml:24:13-27:29
65                <action android:name="android.intent.action.MAIN" />
65-->src\main\AndroidManifest.xml:25:17-68
65-->src\main\AndroidManifest.xml:25:25-66
66
67                <category android:name="android.intent.category.LAUNCHER" />
67-->src\main\AndroidManifest.xml:26:17-76
67-->src\main\AndroidManifest.xml:26:27-74
68            </intent-filter>
69            <intent-filter>
69-->src\main\AndroidManifest.xml:28:13-31:29
70                <action android:name="FLUTTER_NOTIFICATION_CLICK" />
70-->src\main\AndroidManifest.xml:29:17-69
70-->src\main\AndroidManifest.xml:29:25-66
71
72                <category android:name="android.intent.category.DEFAULT" />
72-->src\main\AndroidManifest.xml:30:17-76
72-->src\main\AndroidManifest.xml:30:27-73
73            </intent-filter>
74        </activity>
75
76        <meta-data
76-->src\main\AndroidManifest.xml:33:9-35:33
77            android:name="flutterEmbedding"
77-->src\main\AndroidManifest.xml:34:13-44
78            android:value="2" />
78-->src\main\AndroidManifest.xml:35:13-30
79        <meta-data
79-->src\main\AndroidManifest.xml:36:9-38:69
80            android:name="com.google.android.gms.ads.APPLICATION_ID"
80-->src\main\AndroidManifest.xml:37:13-69
81            android:value="ca-app-pub-8318136058462894~6297476501" />
81-->src\main\AndroidManifest.xml:38:13-67
82
83        <service
83-->[:firebase_analytics] AndroidManifest.xml:12:9-16:19
84            android:name="com.google.firebase.components.ComponentDiscoveryService"
84-->[:firebase_analytics] AndroidManifest.xml:12:18-89
85            android:directBootAware="true"
85-->[com.google.firebase:firebase-common:20.0.0] AndroidManifest.xml:35:13-43
86            android:exported="false" >
86-->[com.google.firebase:firebase-messaging:23.0.0] AndroidManifest.xml:51:13-37
87            <meta-data
87-->[:firebase_analytics] AndroidManifest.xml:13:13-15:85
88                android:name="com.google.firebase.components:io.flutter.plugins.firebaseanalytics.FlutterFirebaseAppRegistrar"
88-->[:firebase_analytics] AndroidManifest.xml:14:17-127
89                android:value="com.google.firebase.components.ComponentRegistrar" />
89-->[:firebase_analytics] AndroidManifest.xml:15:17-82
90            <meta-data
90-->[:firebase_messaging] AndroidManifest.xml:34:13-36:85
91                android:name="com.google.firebase.components:io.flutter.plugins.firebase.messaging.FlutterFirebaseAppRegistrar"
91-->[:firebase_messaging] AndroidManifest.xml:35:17-128
92                android:value="com.google.firebase.components.ComponentRegistrar" />
92-->[:firebase_messaging] AndroidManifest.xml:36:17-82
93            <meta-data
93-->[:firebase_core] AndroidManifest.xml:9:13-11:85
94                android:name="com.google.firebase.components:io.flutter.plugins.firebase.core.FlutterFirebaseCoreRegistrar"
94-->[:firebase_core] AndroidManifest.xml:10:17-124
95                android:value="com.google.firebase.components.ComponentRegistrar" />
95-->[:firebase_core] AndroidManifest.xml:11:17-82
96            <meta-data
96-->[com.google.firebase:firebase-messaging:23.0.0] AndroidManifest.xml:52:13-54:85
97                android:name="com.google.firebase.components:com.google.firebase.messaging.FirebaseMessagingRegistrar"
97-->[com.google.firebase:firebase-messaging:23.0.0] AndroidManifest.xml:53:17-119
98                android:value="com.google.firebase.components.ComponentRegistrar" />
98-->[com.google.firebase:firebase-messaging:23.0.0] AndroidManifest.xml:54:17-82
99            <meta-data
99-->[com.google.android.gms:play-services-measurement-api:20.0.0] AndroidManifest.xml:30:13-32:85
100                android:name="com.google.firebase.components:com.google.firebase.analytics.connector.internal.AnalyticsConnectorRegistrar"
100-->[com.google.android.gms:play-services-measurement-api:20.0.0] AndroidManifest.xml:31:17-139
101                android:value="com.google.firebase.components.ComponentRegistrar" />
101-->[com.google.android.gms:play-services-measurement-api:20.0.0] AndroidManifest.xml:32:17-82
102            <meta-data
102-->[com.google.firebase:firebase-datatransport:18.0.0] AndroidManifest.xml:28:13-30:85
103                android:name="com.google.firebase.components:com.google.firebase.datatransport.TransportRegistrar"
103-->[com.google.firebase:firebase-datatransport:18.0.0] AndroidManifest.xml:29:17-115
104                android:value="com.google.firebase.components.ComponentRegistrar" />
104-->[com.google.firebase:firebase-datatransport:18.0.0] AndroidManifest.xml:30:17-82
105            <meta-data
105-->[com.google.firebase:firebase-installations:17.0.0] AndroidManifest.xml:18:13-20:85
106                android:name="com.google.firebase.components:com.google.firebase.installations.FirebaseInstallationsRegistrar"
106-->[com.google.firebase:firebase-installations:17.0.0] AndroidManifest.xml:19:17-127
107                android:value="com.google.firebase.components.ComponentRegistrar" />
107-->[com.google.firebase:firebase-installations:17.0.0] AndroidManifest.xml:20:17-82
108        </service>
109        <service
109-->[:firebase_messaging] AndroidManifest.xml:12:9-15:72
110            android:name="io.flutter.plugins.firebase.messaging.FlutterFirebaseMessagingBackgroundService"
110-->[:firebase_messaging] AndroidManifest.xml:13:13-107
111            android:exported="false"
111-->[:firebase_messaging] AndroidManifest.xml:14:13-37
112            android:permission="android.permission.BIND_JOB_SERVICE" />
112-->[:firebase_messaging] AndroidManifest.xml:15:13-69
113        <service
113-->[:firebase_messaging] AndroidManifest.xml:16:9-22:19
114            android:name="io.flutter.plugins.firebase.messaging.FlutterFirebaseMessagingService"
114-->[:firebase_messaging] AndroidManifest.xml:17:13-97
115            android:exported="false" >
115-->[:firebase_messaging] AndroidManifest.xml:18:13-37
116            <intent-filter>
116-->[:firebase_messaging] AndroidManifest.xml:19:13-21:29
117                <action android:name="com.google.firebase.MESSAGING_EVENT" />
117-->[:firebase_messaging] AndroidManifest.xml:20:17-78
117-->[:firebase_messaging] AndroidManifest.xml:20:25-75
118            </intent-filter>
119        </service>
120
121        <receiver
121-->[:firebase_messaging] AndroidManifest.xml:24:9-31:20
122            android:name="io.flutter.plugins.firebase.messaging.FlutterFirebaseMessagingReceiver"
122-->[:firebase_messaging] AndroidManifest.xml:25:13-98
123            android:exported="true"
123-->[:firebase_messaging] AndroidManifest.xml:26:13-36
124            android:permission="com.google.android.c2dm.permission.SEND" >
124-->[:firebase_messaging] AndroidManifest.xml:27:13-73
125            <intent-filter>
125-->[:firebase_messaging] AndroidManifest.xml:28:13-30:29
126                <action android:name="com.google.android.c2dm.intent.RECEIVE" />
126-->[:firebase_messaging] AndroidManifest.xml:29:17-81
126-->[:firebase_messaging] AndroidManifest.xml:29:25-78
127            </intent-filter>
128        </receiver>
129
130        <provider
130-->[:firebase_messaging] AndroidManifest.xml:39:9-43:38
131            android:name="io.flutter.plugins.firebase.messaging.FlutterFirebaseMessagingInitProvider"
131-->[:firebase_messaging] AndroidManifest.xml:40:13-102
132            android:authorities="com.huynh.listar_flutter.flutterfirebasemessaginginitprovider"
132-->[:firebase_messaging] AndroidManifest.xml:41:13-88
133            android:exported="false"
133-->[:firebase_messaging] AndroidManifest.xml:42:13-37
134            android:initOrder="99" />
134-->[:firebase_messaging] AndroidManifest.xml:43:13-35
135        <provider
135-->[:image_picker] AndroidManifest.xml:8:9-16:20
136            android:name="io.flutter.plugins.imagepicker.ImagePickerFileProvider"
136-->[:image_picker] AndroidManifest.xml:9:13-82
137            android:authorities="com.huynh.listar_flutter.flutter.image_provider"
137-->[:image_picker] AndroidManifest.xml:10:13-74
138            android:exported="false"
138-->[:image_picker] AndroidManifest.xml:11:13-37
139            android:grantUriPermissions="true" >
139-->[:image_picker] AndroidManifest.xml:12:13-47
140            <meta-data
140-->[:image_picker] AndroidManifest.xml:13:13-15:75
141                android:name="android.support.FILE_PROVIDER_PATHS"
141-->[:image_picker] AndroidManifest.xml:14:17-67
142                android:resource="@xml/flutter_image_picker_file_paths" />
142-->[:image_picker] AndroidManifest.xml:15:17-72
143        </provider>
144
145        <meta-data
145-->[:google_mobile_ads] AndroidManifest.xml:10:9-12:36
146            android:name="io.flutter.embedded_views_preview"
146-->[:google_mobile_ads] AndroidManifest.xml:11:13-61
147            android:value="true" />
147-->[:google_mobile_ads] AndroidManifest.xml:12:13-33
148
149        <activity
149-->[:url_launcher] AndroidManifest.xml:8:9-11:74
150            android:name="io.flutter.plugins.urllauncher.WebViewActivity"
150-->[:url_launcher] AndroidManifest.xml:9:13-74
151            android:exported="false"
151-->[:url_launcher] AndroidManifest.xml:10:13-37
152            android:theme="@android:style/Theme.NoTitleBar.Fullscreen" />
152-->[:url_launcher] AndroidManifest.xml:11:13-71
153
154        <provider
154-->[:share] AndroidManifest.xml:8:9-16:20
155            android:name="io.flutter.plugins.share.ShareFileProvider"
155-->[:share] AndroidManifest.xml:9:13-70
156            android:authorities="com.huynh.listar_flutter.flutter.share_provider"
156-->[:share] AndroidManifest.xml:10:13-74
157            android:exported="false"
157-->[:share] AndroidManifest.xml:11:13-37
158            android:grantUriPermissions="true" >
158-->[:share] AndroidManifest.xml:12:13-47
159            <meta-data
159-->[:image_picker] AndroidManifest.xml:13:13-15:75
160                android:name="android.support.FILE_PROVIDER_PATHS"
160-->[:image_picker] AndroidManifest.xml:14:17-67
161                android:resource="@xml/flutter_share_file_paths" />
161-->[:image_picker] AndroidManifest.xml:15:17-72
162        </provider>
163
164        <receiver
164-->[com.google.firebase:firebase-messaging:23.0.0] AndroidManifest.xml:28:9-35:20
165            android:name="com.google.firebase.iid.FirebaseInstanceIdReceiver"
165-->[com.google.firebase:firebase-messaging:23.0.0] AndroidManifest.xml:29:13-78
166            android:exported="true"
166-->[com.google.firebase:firebase-messaging:23.0.0] AndroidManifest.xml:30:13-36
167            android:permission="com.google.android.c2dm.permission.SEND" >
167-->[com.google.firebase:firebase-messaging:23.0.0] AndroidManifest.xml:31:13-73
168            <intent-filter>
168-->[:firebase_messaging] AndroidManifest.xml:28:13-30:29
169                <action android:name="com.google.android.c2dm.intent.RECEIVE" />
169-->[:firebase_messaging] AndroidManifest.xml:29:17-81
169-->[:firebase_messaging] AndroidManifest.xml:29:25-78
170            </intent-filter>
171        </receiver>
172        <!--
173             FirebaseMessagingService performs security checks at runtime,
174             but set to not exported to explicitly avoid allowing another app to call it.
175        -->
176        <service
176-->[com.google.firebase:firebase-messaging:23.0.0] AndroidManifest.xml:41:9-48:19
177            android:name="com.google.firebase.messaging.FirebaseMessagingService"
177-->[com.google.firebase:firebase-messaging:23.0.0] AndroidManifest.xml:42:13-82
178            android:directBootAware="true"
178-->[com.google.firebase:firebase-messaging:23.0.0] AndroidManifest.xml:43:13-43
179            android:exported="false" >
179-->[com.google.firebase:firebase-messaging:23.0.0] AndroidManifest.xml:44:13-37
180            <intent-filter android:priority="-500" >
180-->[:firebase_messaging] AndroidManifest.xml:19:13-21:29
181                <action android:name="com.google.firebase.MESSAGING_EVENT" />
181-->[:firebase_messaging] AndroidManifest.xml:20:17-78
181-->[:firebase_messaging] AndroidManifest.xml:20:25-75
182            </intent-filter>
183        </service>
184
185        <provider
185-->[com.google.firebase:firebase-common:20.0.0] AndroidManifest.xml:26:9-31:39
186            android:name="com.google.firebase.provider.FirebaseInitProvider"
186-->[com.google.firebase:firebase-common:20.0.0] AndroidManifest.xml:27:13-77
187            android:authorities="com.huynh.listar_flutter.firebaseinitprovider"
187-->[com.google.firebase:firebase-common:20.0.0] AndroidManifest.xml:28:13-72
188            android:directBootAware="true"
188-->[com.google.firebase:firebase-common:20.0.0] AndroidManifest.xml:29:13-43
189            android:exported="false"
189-->[com.google.firebase:firebase-common:20.0.0] AndroidManifest.xml:30:13-37
190            android:initOrder="100" />
190-->[com.google.firebase:firebase-common:20.0.0] AndroidManifest.xml:31:13-36
191
192        <receiver
192-->[com.google.android.gms:play-services-measurement:20.0.0] AndroidManifest.xml:29:9-33:20
193            android:name="com.google.android.gms.measurement.AppMeasurementReceiver"
193-->[com.google.android.gms:play-services-measurement:20.0.0] AndroidManifest.xml:30:13-85
194            android:enabled="true"
194-->[com.google.android.gms:play-services-measurement:20.0.0] AndroidManifest.xml:31:13-35
195            android:exported="false" >
195-->[com.google.android.gms:play-services-measurement:20.0.0] AndroidManifest.xml:32:13-37
196        </receiver>
197
198        <service
198-->[com.google.android.gms:play-services-measurement:20.0.0] AndroidManifest.xml:35:9-38:40
199            android:name="com.google.android.gms.measurement.AppMeasurementService"
199-->[com.google.android.gms:play-services-measurement:20.0.0] AndroidManifest.xml:36:13-84
200            android:enabled="true"
200-->[com.google.android.gms:play-services-measurement:20.0.0] AndroidManifest.xml:37:13-35
201            android:exported="false" />
201-->[com.google.android.gms:play-services-measurement:20.0.0] AndroidManifest.xml:38:13-37
202        <service
202-->[com.google.android.gms:play-services-measurement:20.0.0] AndroidManifest.xml:39:9-43:72
203            android:name="com.google.android.gms.measurement.AppMeasurementJobService"
203-->[com.google.android.gms:play-services-measurement:20.0.0] AndroidManifest.xml:40:13-87
204            android:enabled="true"
204-->[com.google.android.gms:play-services-measurement:20.0.0] AndroidManifest.xml:41:13-35
205            android:exported="false"
205-->[com.google.android.gms:play-services-measurement:20.0.0] AndroidManifest.xml:42:13-37
206            android:permission="android.permission.BIND_JOB_SERVICE" /> <!-- Needs to be explicitly declared on P+ -->
206-->[com.google.android.gms:play-services-measurement:20.0.0] AndroidManifest.xml:43:13-69
207        <uses-library
207-->[com.google.android.gms:play-services-maps:17.0.0] AndroidManifest.xml:33:9-35:40
208            android:name="org.apache.http.legacy"
208-->[com.google.android.gms:play-services-maps:17.0.0] AndroidManifest.xml:34:13-50
209            android:required="false" />
209-->[com.google.android.gms:play-services-maps:17.0.0] AndroidManifest.xml:35:13-37
210
211        <activity
211-->[com.google.android.gms:play-services-base:17.0.0] AndroidManifest.xml:23:9-26:75
212            android:name="com.google.android.gms.common.api.GoogleApiActivity"
212-->[com.google.android.gms:play-services-base:17.0.0] AndroidManifest.xml:24:13-79
213            android:exported="false"
213-->[com.google.android.gms:play-services-base:17.0.0] AndroidManifest.xml:25:13-37
214            android:theme="@android:style/Theme.Translucent.NoTitleBar" /> <!-- Include the AdActivity and InAppPurchaseActivity configChanges and themes. -->
214-->[com.google.android.gms:play-services-base:17.0.0] AndroidManifest.xml:26:13-72
215        <activity
215-->[com.google.android.gms:play-services-ads-lite:19.7.0] AndroidManifest.xml:48:9-52:64
216            android:name="com.google.android.gms.ads.AdActivity"
216-->[com.google.android.gms:play-services-ads-lite:19.7.0] AndroidManifest.xml:49:13-65
217            android:configChanges="keyboard|keyboardHidden|orientation|screenLayout|uiMode|screenSize|smallestScreenSize"
217-->[com.google.android.gms:play-services-ads-lite:19.7.0] AndroidManifest.xml:50:13-122
218            android:exported="false"
218-->[com.google.android.gms:play-services-ads-lite:19.7.0] AndroidManifest.xml:51:13-37
219            android:theme="@android:style/Theme.Translucent" />
219-->[com.google.android.gms:play-services-ads-lite:19.7.0] AndroidManifest.xml:52:13-61
220
221        <provider
221-->[com.google.android.gms:play-services-ads-lite:19.7.0] AndroidManifest.xml:54:9-58:39
222            android:name="com.google.android.gms.ads.MobileAdsInitProvider"
222-->[com.google.android.gms:play-services-ads-lite:19.7.0] AndroidManifest.xml:55:13-76
223            android:authorities="com.huynh.listar_flutter.mobileadsinitprovider"
223-->[com.google.android.gms:play-services-ads-lite:19.7.0] AndroidManifest.xml:56:13-73
224            android:exported="false"
224-->[com.google.android.gms:play-services-ads-lite:19.7.0] AndroidManifest.xml:57:13-37
225            android:initOrder="100" />
225-->[com.google.android.gms:play-services-ads-lite:19.7.0] AndroidManifest.xml:58:13-36
226
227        <service
227-->[com.google.android.gms:play-services-ads-lite:19.7.0] AndroidManifest.xml:60:9-63:40
228            android:name="com.google.android.gms.ads.AdService"
228-->[com.google.android.gms:play-services-ads-lite:19.7.0] AndroidManifest.xml:61:13-64
229            android:enabled="true"
229-->[com.google.android.gms:play-services-ads-lite:19.7.0] AndroidManifest.xml:62:13-35
230            android:exported="false" />
230-->[com.google.android.gms:play-services-ads-lite:19.7.0] AndroidManifest.xml:63:13-37
231
232        <meta-data
232-->[com.google.android.gms:play-services-basement:17.3.0] AndroidManifest.xml:23:9-25:69
233            android:name="com.google.android.gms.version"
233-->[com.google.android.gms:play-services-basement:17.3.0] AndroidManifest.xml:24:13-58
234            android:value="@integer/google_play_services_version" />
234-->[com.google.android.gms:play-services-basement:17.3.0] AndroidManifest.xml:25:13-66
235
236        <provider
236-->[androidx.work:work-runtime:2.1.0] AndroidManifest.xml:30:9-36:35
237            android:name="androidx.work.impl.WorkManagerInitializer"
237-->[androidx.work:work-runtime:2.1.0] AndroidManifest.xml:31:13-69
238            android:authorities="com.huynh.listar_flutter.workmanager-init"
238-->[androidx.work:work-runtime:2.1.0] AndroidManifest.xml:32:13-68
239            android:directBootAware="false"
239-->[androidx.work:work-runtime:2.1.0] AndroidManifest.xml:33:13-44
240            android:exported="false"
240-->[androidx.work:work-runtime:2.1.0] AndroidManifest.xml:34:13-37
241            android:multiprocess="true" />
241-->[androidx.work:work-runtime:2.1.0] AndroidManifest.xml:35:13-40
242
243        <service
243-->[androidx.work:work-runtime:2.1.0] AndroidManifest.xml:38:9-43:35
244            android:name="androidx.work.impl.background.systemalarm.SystemAlarmService"
244-->[androidx.work:work-runtime:2.1.0] AndroidManifest.xml:39:13-88
245            android:directBootAware="false"
245-->[androidx.work:work-runtime:2.1.0] AndroidManifest.xml:40:13-44
246            android:enabled="@bool/enable_system_alarm_service_default"
246-->[androidx.work:work-runtime:2.1.0] AndroidManifest.xml:41:13-72
247            android:exported="false" />
247-->[androidx.work:work-runtime:2.1.0] AndroidManifest.xml:42:13-37
248        <service
248-->[androidx.work:work-runtime:2.1.0] AndroidManifest.xml:44:9-50:35
249            android:name="androidx.work.impl.background.systemjob.SystemJobService"
249-->[androidx.work:work-runtime:2.1.0] AndroidManifest.xml:45:13-84
250            android:directBootAware="false"
250-->[androidx.work:work-runtime:2.1.0] AndroidManifest.xml:46:13-44
251            android:enabled="@bool/enable_system_job_service_default"
251-->[androidx.work:work-runtime:2.1.0] AndroidManifest.xml:47:13-70
252            android:exported="true"
252-->[androidx.work:work-runtime:2.1.0] AndroidManifest.xml:48:13-36
253            android:permission="android.permission.BIND_JOB_SERVICE" />
253-->[androidx.work:work-runtime:2.1.0] AndroidManifest.xml:49:13-69
254
255        <receiver
255-->[androidx.work:work-runtime:2.1.0] AndroidManifest.xml:52:9-57:35
256            android:name="androidx.work.impl.utils.ForceStopRunnable$BroadcastReceiver"
256-->[androidx.work:work-runtime:2.1.0] AndroidManifest.xml:53:13-88
257            android:directBootAware="false"
257-->[androidx.work:work-runtime:2.1.0] AndroidManifest.xml:54:13-44
258            android:enabled="true"
258-->[androidx.work:work-runtime:2.1.0] AndroidManifest.xml:55:13-35
259            android:exported="false" />
259-->[androidx.work:work-runtime:2.1.0] AndroidManifest.xml:56:13-37
260        <receiver
260-->[androidx.work:work-runtime:2.1.0] AndroidManifest.xml:58:9-68:20
261            android:name="androidx.work.impl.background.systemalarm.ConstraintProxy$BatteryChargingProxy"
261-->[androidx.work:work-runtime:2.1.0] AndroidManifest.xml:59:13-106
262            android:directBootAware="false"
262-->[androidx.work:work-runtime:2.1.0] AndroidManifest.xml:60:13-44
263            android:enabled="false"
263-->[androidx.work:work-runtime:2.1.0] AndroidManifest.xml:61:13-36
264            android:exported="false" >
264-->[androidx.work:work-runtime:2.1.0] AndroidManifest.xml:62:13-37
265            <intent-filter>
265-->[androidx.work:work-runtime:2.1.0] AndroidManifest.xml:64:13-67:29
266                <action android:name="android.intent.action.ACTION_POWER_CONNECTED" />
266-->[androidx.work:work-runtime:2.1.0] AndroidManifest.xml:65:17-87
266-->[androidx.work:work-runtime:2.1.0] AndroidManifest.xml:65:25-84
267                <action android:name="android.intent.action.ACTION_POWER_DISCONNECTED" />
267-->[androidx.work:work-runtime:2.1.0] AndroidManifest.xml:66:17-90
267-->[androidx.work:work-runtime:2.1.0] AndroidManifest.xml:66:25-87
268            </intent-filter>
269        </receiver>
270        <receiver
270-->[androidx.work:work-runtime:2.1.0] AndroidManifest.xml:69:9-79:20
271            android:name="androidx.work.impl.background.systemalarm.ConstraintProxy$BatteryNotLowProxy"
271-->[androidx.work:work-runtime:2.1.0] AndroidManifest.xml:70:13-104
272            android:directBootAware="false"
272-->[androidx.work:work-runtime:2.1.0] AndroidManifest.xml:71:13-44
273            android:enabled="false"
273-->[androidx.work:work-runtime:2.1.0] AndroidManifest.xml:72:13-36
274            android:exported="false" >
274-->[androidx.work:work-runtime:2.1.0] AndroidManifest.xml:73:13-37
275            <intent-filter>
275-->[androidx.work:work-runtime:2.1.0] AndroidManifest.xml:75:13-78:29
276                <action android:name="android.intent.action.BATTERY_OKAY" />
276-->[androidx.work:work-runtime:2.1.0] AndroidManifest.xml:76:17-77
276-->[androidx.work:work-runtime:2.1.0] AndroidManifest.xml:76:25-74
277                <action android:name="android.intent.action.BATTERY_LOW" />
277-->[androidx.work:work-runtime:2.1.0] AndroidManifest.xml:77:17-76
277-->[androidx.work:work-runtime:2.1.0] AndroidManifest.xml:77:25-73
278            </intent-filter>
279        </receiver>
280        <receiver
280-->[androidx.work:work-runtime:2.1.0] AndroidManifest.xml:80:9-90:20
281            android:name="androidx.work.impl.background.systemalarm.ConstraintProxy$StorageNotLowProxy"
281-->[androidx.work:work-runtime:2.1.0] AndroidManifest.xml:81:13-104
282            android:directBootAware="false"
282-->[androidx.work:work-runtime:2.1.0] AndroidManifest.xml:82:13-44
283            android:enabled="false"
283-->[androidx.work:work-runtime:2.1.0] AndroidManifest.xml:83:13-36
284            android:exported="false" >
284-->[androidx.work:work-runtime:2.1.0] AndroidManifest.xml:84:13-37